<?xml version="1.0" encoding="UTF-8" ?>
<testsuite errors="0" failures="0" hostname="Jotape-laptop" name="fiuba.algo3.modelo.vehiculos.VehiculoTest" tests="3" time="0.007" timestamp="2013-11-23T20:41:47">
  <properties>
[...]
</properties>
  <testcase classname="fiuba.algo3.modelo.vehiculos.VehiculoTest" name="testEquals" time="0.0" />
  <testcase classname="fiuba.algo3.modelo.vehiculos.VehiculoTest" name="testNotEquals" time="0.0" />
  <testcase classname="fiuba.algo3.modelo.vehiculos.VehiculoTest" name="testDeberiaDevolverFalsoSiComparoUnVehiculoConUnaCoordenada" time="0.0" />
  <system-out><![CDATA[]]></system-out>
  <system-err><![CDATA[]]></system-err>
</testsuite>
