<?xml version="1.0" encoding="UTF-8" ?>
<testsuites>
  <testsuite errors="0" failures="0" hostname="Ezequiel-VAIO" id="0" name="CeldaTest" package="fiuba.algo3.implementacion" tests="3" time="0.074" timestamp="2013-11-09T17:59:42">
      <properties>
[...]
</properties>

      <testcase classname="fiuba.algo3.implementacion.CeldaTest" name="testDeberiaPonerUnObjetoEnUnaCeldaYQuitarlo" time="0.009" />

      <testcase classname="fiuba.algo3.implementacion.CeldaTest" name="testDeberiaPonerUnObjetoEnLaCelda" time="0.0" />

      <testcase classname="fiuba.algo3.implementacion.CeldaTest" name="testDeberiaInicializarceLaCeldaSinObjeto" time="0.0" />

      <system-out />

      <system-err />

  </testsuite>
  <testsuite errors="0" failures="0" hostname="Ezequiel-VAIO" id="1" name="MapaTest" package="fiuba.algo3.implementacion" tests="2" time="0.007" timestamp="2013-11-09T17:59:42">
      <properties>
[...]
</properties>

      <testcase classname="fiuba.algo3.implementacion.MapaTest" name="testDeberiaPoderCrearUnMapaConCiertaDimension" time="0.001" />

      <testcase classname="fiuba.algo3.implementacion.MapaTest" name="testDeberiaObtenerCeldaDeUnaPosicion" time="0.001" />

      <system-out />

      <system-err />

  </testsuite>
  <testsuite errors="0" failures="0" hostname="Ezequiel-VAIO" id="2" name="PosicionTest" package="fiuba.algo3.implementacion" tests="2" time="0.007" timestamp="2013-11-09T17:59:42">
      <properties>
[...]
</properties>

      <testcase classname="fiuba.algo3.implementacion.PosicionTest" name="testDeberiaDevolverSusParametrosCorrectamente" time="0.0" />

      <testcase classname="fiuba.algo3.implementacion.PosicionTest" name="testDeberiaSerIgualesDosObjetosPosicionDistintosConSusMismosParametros" time="0.0" />

      <system-out />

      <system-err />

  </testsuite>
  <testsuite errors="0" failures="0" hostname="Ezequiel-VAIO" id="3" name="PozoTest" package="fiuba.algo3.implementacion" tests="1" time="0.007" timestamp="2013-11-09T17:59:42">
      <properties>
[...]
</properties>

      <testcase classname="fiuba.algo3.implementacion.PozoTest" name="ElPozoTendriaQuePenalizarCon3Movimientos" time="0.001" />

      <system-out />

      <system-err />

  </testsuite>
  <testsuite errors="0" failures="0" hostname="Ezequiel-VAIO" id="4" name="VehiculoTest" package="fiuba.algo3.implementacion" tests="1" time="0.006" timestamp="2013-11-09T17:59:42">
      <properties>
[...]
</properties>

      <testcase classname="fiuba.algo3.implementacion.VehiculoTest" name="vehiculoDeberiaTener0MovimientosAlCrearse" time="0.0" />

      <system-out />

      <system-err />

  </testsuite>
</testsuites>
